# JRE version: Java(TM) SE Runtime Environment (8.0_25-b18) (build 1.8.0_25-b18)
# Java VM: Java HotSpot(TM) 64-Bit Server VM (25.25-b02 mixed mode windows-amd64 compressed oops)
Heap:
 PSYoungGen      total 15360K, used 3429K [0x00000000e0900000, 0x00000000e1b00000, 0x0000000100000000)
  eden space 12288K, 27% used [0x00000000e0900000,0x00000000e0c59720,0x00000000e1500000)
  from space 3072K, 0% used [0x00000000e1800000,0x00000000e1800000,0x00000000e1b00000)
  to   space 3072K, 0% used [0x00000000e1500000,0x00000000e1500000,0x00000000e1800000)
 ParOldGen       total 9728K, used 8990K [0x00000000a1a00000, 0x00000000a2380000, 0x00000000e0900000)
  object space 9728K, 92% used [0x00000000a1a00000,0x00000000a22c7a88,0x00000000a2380000)
 Metaspace       used 9433K, capacity 9780K, committed 10112K, reserved 1058816K
  class space    used 1058K, capacity 1072K, committed 1152K, reserved 1048576K
GC Heap History (10 events):
Event: 6.781 GC heap before
{Heap before GC invocations=10 (full 0):
 PSYoungGen      total 7680K, used 7654K [0x00000000e0900000, 0x00000000e1800000, 0x0000000100000000)
  eden space 5632K, 100% used [0x00000000e0900000,0x00000000e0e80000,0x00000000e0e80000)
  from space 2048K, 98% used [0x00000000e0e80000,0x00000000e1079a58,0x00000000e1080000)
  to   space 3072K, 0% used [0x00000000e1500000,0x00000000e1500000,0x00000000e1800000)
 ParOldGen       total 5632K, used 3646K [0x00000000a1a00000, 0x00000000a1f80000, 0x00000000e0900000)
  object space 5632K, 64% used [0x00000000a1a00000,0x00000000a1d8f9c8,0x00000000a1f80000)
 Metaspace       used 7828K, capacity 8404K, committed 8704K, reserved 1056768K
  class space    used 914K, capacity 976K, committed 1024K, reserved 1048576K
Event: 6.798 GC heap after
Heap after GC invocations=10 (full 0):
 PSYoungGen      total 11776K, used 2542K [0x00000000e0900000, 0x00000000e1900000, 0x0000000100000000)
  eden space 8704K, 0% used [0x00000000e0900000,0x00000000e0900000,0x00000000e1180000)
  from space 3072K, 82% used [0x00000000e1500000,0x00000000e177bbc8,0x00000000e1800000)
  to   space 3584K, 0% used [0x00000000e1180000,0x00000000e1180000,0x00000000e1500000)
 ParOldGen       total 5632K, used 4644K [0x00000000a1a00000, 0x00000000a1f80000, 0x00000000e0900000)
  object space 5632K, 82% used [0x00000000a1a00000,0x00000000a1e89118,0x00000000a1f80000)
 Metaspace       used 7828K, capacity 8404K, committed 8704K, reserved 1056768K
  class space    used 914K, capacity 976K, committed 1024K, reserved 1048576K
}
Event: 6.798 GC heap before
{Heap before GC invocations=11 (full 1):
 PSYoungGen      total 11776K, used 2542K [0x00000000e0900000, 0x00000000e1900000, 0x0000000100000000)
  eden space 8704K, 0% used [0x00000000e0900000,0x00000000e0900000,0x00000000e1180000)
  from space 3072K, 82% used [0x00000000e1500000,0x00000000e177bbc8,0x00000000e1800000)
  to   space 3584K, 0% used [0x00000000e1180000,0x00000000e1180000,0x00000000e1500000)
 ParOldGen       total 5632K, used 4644K [0x00000000a1a00000, 0x00000000a1f80000, 0x00000000e0900000)
  object space 5632K, 82% used [0x00000000a1a00000,0x00000000a1e89118,0x00000000a1f80000)
 Metaspace       used 7828K, capacity 8404K, committed 8704K, reserved 1056768K
  class space    used 914K, capacity 976K, committed 1024K, reserved 1048576K
Event: 6.958 GC heap after
Heap after GC invocations=11 (full 1):
 PSYoungGen      total 11776K, used 1433K [0x00000000e0900000, 0x00000000e1900000, 0x0000000100000000)
  eden space 8704K, 0% used [0x00000000e0900000,0x00000000e0900000,0x00000000e1180000)
  from space 3072K, 46% used [0x00000000e1500000,0x00000000e1666458,0x00000000e1800000)
  to   space 3584K, 0% used [0x00000000e1180000,0x00000000e1180000,0x00000000e1500000)
 ParOldGen       total 9728K, used 5347K [0x00000000a1a00000, 0x00000000a2380000, 0x00000000e0900000)
  object space 9728K, 54% used [0x00000000a1a00000,0x00000000a1f38cd0,0x00000000a2380000)
 Metaspace       used 7828K, capacity 8404K, committed 8704K, reserved 1056768K
  class space    used 914K, capacity 976K, committed 1024K, reserved 1048576K
}
Event: 7.493 GC heap before
{Heap before GC invocations=12 (full 1):
 PSYoungGen      total 11776K, used 10137K [0x00000000e0900000, 0x00000000e1900000, 0x0000000100000000)
  eden space 8704K, 100% used [0x00000000e0900000,0x00000000e1180000,0x00000000e1180000)
  from space 3072K, 46% used [0x00000000e1500000,0x00000000e1666458,0x00000000e1800000)
  to   space 3584K, 0% used [0x00000000e1180000,0x00000000e1180000,0x00000000e1500000)
 ParOldGen       total 9728K, used 5347K [0x00000000a1a00000, 0x00000000a2380000, 0x00000000e0900000)
  object space 9728K, 54% used [0x00000000a1a00000,0x00000000a1f38cd0,0x00000000a2380000)
 Metaspace       used 8064K, capacity 8596K, committed 8704K, reserved 1056768K
  class space    used 924K, capacity 976K, committed 1024K, reserved 1048576K
Event: 7.504 GC heap after
Heap after GC invocations=12 (full 1):
 PSYoungGen      total 12288K, used 1458K [0x00000000e0900000, 0x00000000e1b00000, 0x0000000100000000)
  eden space 8704K, 0% used [0x00000000e0900000,0x00000000e0900000,0x00000000e1180000)
  from space 3584K, 40% used [0x00000000e1180000,0x00000000e12ecb18,0x00000000e1500000)
  to   space 3072K, 0% used [0x00000000e1800000,0x00000000e1800000,0x00000000e1b00000)
 ParOldGen       total 9728K, used 6784K [0x00000000a1a00000, 0x00000000a2380000, 0x00000000e0900000)
  object space 9728K, 69% used [0x00000000a1a00000,0x00000000a20a01f8,0x00000000a2380000)
 Metaspace       used 8064K, capacity 8596K, committed 8704K, reserved 1056768K
  class space    used 924K, capacity 976K, committed 1024K, reserved 1048576K
}
Event: 8.597 GC heap before
{Heap before GC invocations=13 (full 1):
 PSYoungGen      total 12288K, used 10162K [0x00000000e0900000, 0x00000000e1b00000, 0x0000000100000000)
  eden space 8704K, 100% used [0x00000000e0900000,0x00000000e1180000,0x00000000e1180000)
  from space 3584K, 40% used [0x00000000e1180000,0x00000000e12ecb18,0x00000000e1500000)
  to   space 3072K, 0% used [0x00000000e1800000,0x00000000e1800000,0x00000000e1b00000)
 ParOldGen       total 9728K, used 6784K [0x00000000a1a00000, 0x00000000a2380000, 0x00000000e0900000)
  object space 9728K, 69% used [0x00000000a1a00000,0x00000000a20a01f8,0x00000000a2380000)
 Metaspace       used 9327K, capacity 9716K, committed 9856K, reserved 1058816K
  class space    used 1058K, capacity 1072K, committed 1152K, reserved 1048576K
Event: 8.606 GC heap after
Heap after GC invocations=13 (full 1):
 PSYoungGen      total 15360K, used 1248K [0x00000000e0900000, 0x00000000e1b00000, 0x0000000100000000)
  eden space 12288K, 0% used [0x00000000e0900000,0x00000000e0900000,0x00000000e1500000)
  from space 3072K, 40% used [0x00000000e1800000,0x00000000e1938010,0x00000000e1b00000)
  to   space 3072K, 0% used [0x00000000e1500000,0x00000000e1500000,0x00000000e1800000)
 ParOldGen       total 9728K, used 8122K [0x00000000a1a00000, 0x00000000a2380000, 0x00000000e0900000)
  object space 9728K, 83% used [0x00000000a1a00000,0x00000000a21eea80,0x00000000a2380000)
 Metaspace       used 9327K, capacity 9716K, committed 9856K, reserved 1058816K
  class space    used 1058K, capacity 1072K, committed 1152K, reserved 1048576K
}
Event: 8.606 GC heap before
{Heap before GC invocations=14 (full 2):
 PSYoungGen      total 15360K, used 1248K [0x00000000e0900000, 0x00000000e1b00000, 0x0000000100000000)
  eden space 12288K, 0% used [0x00000000e0900000,0x00000000e0900000,0x00000000e1500000)
  from space 3072K, 40% used [0x00000000e1800000,0x00000000e1938010,0x00000000e1b00000)
  to   space 3072K, 0% used [0x00000000e1500000,0x00000000e1500000,0x00000000e1800000)
 ParOldGen       total 9728K, used 8122K [0x00000000a1a00000, 0x00000000a2380000, 0x00000000e0900000)
  object space 9728K, 83% used [0x00000000a1a00000,0x00000000a21eea80,0x00000000a2380000)
 Metaspace       used 9327K, capacity 9716K, committed 9856K, reserved 1058816K
  class space    used 1058K, capacity 1072K, committed 1152K, reserved 1048576K
Event: 8.823 GC heap after
Heap after GC invocations=14 (full 2):
 PSYoungGen      total 15360K, used 0K [0x00000000e0900000, 0x00000000e1b00000, 0x0000000100000000)
  eden space 12288K, 0% used [0x00000000e0900000,0x00000000e0900000,0x00000000e1500000)
  from space 3072K, 0% used [0x00000000e1800000,0x00000000e1800000,0x00000000e1b00000)
  to   space 3072K, 0% used [0x00000000e1500000,0x00000000e1500000,0x00000000e1800000)
 ParOldGen       total 9728K, used 8990K [0x00000000a1a00000, 0x00000000a2380000, 0x00000000e0900000)
  object space 9728K, 92% used [0x00000000a1a00000,0x00000000a22c7a88,0x00000000a2380000)
 Metaspace       used 9327K, capacity 9716K, committed 9856K, reserved 1058816K
  class space    used 1058K, capacity 1072K, committed 1152K, reserved 1048576K
}

